TN:
SF:/home/mark/.local/state/balls/plugins/bl-delivery/home/mark/dev/lernie/bl-46b4/crates/lernie-ui-egui/src/actions/mod.rs
FN:49,new_prompt_enabled
FN:61,stop_enabled
FN:75,dispatch_new_prompt
FN:83,dispatch_stop
FNF:4
FNDA:1,new_prompt_enabled
FNDA:1,stop_enabled
FNDA:1,dispatch_new_prompt
FNDA:1,dispatch_stop
DA:49,1
DA:50,1
DA:61,1
DA:62,1
DA:63,1
DA:67,3
DA:75,1
DA:76,1
DA:77,2
DA:83,1
DA:84,1
DA:85,2
LF:12
LH:12
end_of_record
TN:
SF:/home/mark/.local/state/balls/plugins/bl-delivery/home/mark/dev/lernie/bl-46b4/crates/lernie-ui-egui/src/actions/tests.rs
FN:13,write_argv_recorder
FN:26,drain
FN:30,branch
FNF:3
FNDA:1,write_argv_recorder
FNDA:1,drain
FNDA:1,branch
DA:13,1
DA:14,1
DA:15,1
DA:17,2
DA:19,1
DA:20,1
DA:21,1
DA:22,1
DA:23,1
DA:26,1
DA:27,1
DA:30,1
DA:32,1
DA:33,1
DA:34,1
DA:35,1
DA:37,1
DA:40,1
LF:18
LH:18
end_of_record
TN:
SF:/home/mark/.local/state/balls/plugins/bl-delivery/home/mark/dev/lernie/bl-46b4/crates/lernie-ui-egui/src/cli_outbound/mod.rs
FN:58,Cli::new
FN:66,Cli::resolve
FN:73,Cli::binary
FN:80,Cli::run
FN:105,pump
FN:110,pump_step
FN:131,Stream::pid
FN:139,<impl Iterator for Stream>::next
FN:155,<impl Drop for Stream>::drop
FN:174,exit_info
FNF:10
FNDA:2,Cli::new
FNDA:1,Cli::resolve
FNDA:1,Cli::binary
FNDA:1,Cli::run
FNDA:2,pump
FNDA:4,pump_step
FNDA:1,Stream::pid
FNDA:1,<impl Iterator for Stream>::next
FNDA:1,<impl Drop for Stream>::drop
FNDA:1,exit_info
DA:58,2
DA:60,2
DA:66,1
DA:67,1
DA:68,2
DA:69,2
DA:73,1
DA:74,1
DA:80,1
DA:81,3
DA:82,1
DA:83,1
DA:84,1
DA:85,1
DA:87,3
DA:88,1
DA:89,1
DA:91,1
DA:92,2
DA:93,2
DA:94,2
DA:95,4
DA:96,3
DA:97,1
DA:98,1
DA:99,1
DA:105,2
DA:106,2
DA:107,4
DA:110,4
DA:116,7
DA:117,4
DA:118,6
DA:131,1
DA:132,3
DA:139,1
DA:140,1
DA:141,1
DA:143,1
DA:144,1
DA:146,1
DA:147,3
DA:148,1
DA:155,1
DA:156,1
DA:160,2
DA:161,1
DA:162,1
DA:163,1
DA:164,3
DA:167,1
DA:169,2
DA:170,1
DA:174,1
DA:177,4
DA:178,1
DA:179,1
DA:180,1
DA:182,1
LF:59
LH:59
end_of_record
TN:
SF:/home/mark/.local/state/balls/plugins/bl-delivery/home/mark/dev/lernie/bl-46b4/crates/lernie-ui-egui/src/cli_outbound/tests.rs
FN:15,write_script
FN:25,collect
FNF:2
FNDA:1,write_script
FNDA:1,collect
DA:15,1
DA:16,1
DA:17,1
DA:18,2
DA:19,1
DA:20,1
DA:21,1
DA:22,1
DA:25,1
DA:26,1
DA:27,1
DA:28,1
DA:29,3
DA:30,1
DA:31,2
DA:32,2
DA:33,1
DA:36,1
DA:269,1
DA:273,1
LF:20
LH:20
end_of_record
TN:
SF:/home/mark/.local/state/balls/plugins/bl-delivery/home/mark/dev/lernie/bl-46b4/crates/lernie-ui-egui/src/fs_watcher/mod.rs
FN:69,Watcher::new
FN:85,Watcher::tick
FN:98,ingest
FN:116,coalesce
FN:147,classify
FN:160,is_watched
FN:184,matches_any
FNF:7
FNDA:1,Watcher::new
FNDA:1,Watcher::tick
FNDA:1,ingest
FNDA:1,coalesce
FNDA:1,classify
FNDA:1,is_watched
FNDA:1,matches_any
DA:69,1
DA:70,1
DA:71,3
DA:72,1
DA:74,2
DA:75,1
DA:76,1
DA:77,1
DA:78,1
DA:85,1
DA:86,1
DA:88,2
DA:89,2
DA:94,1
DA:98,1
DA:99,1
DA:100,2
DA:101,2
DA:102,1
DA:103,2
DA:104,2
DA:105,1
DA:106,1
DA:108,1
DA:109,3
DA:110,2
DA:116,1
DA:117,1
DA:118,1
DA:119,4
DA:120,2
DA:123,1
DA:124,2
DA:125,3
DA:129,2
DA:130,2
DA:132,2
DA:134,1
DA:136,2
DA:137,2
DA:138,1
DA:139,1
DA:140,1
DA:147,1
DA:148,1
DA:149,1
DA:151,3
DA:152,1
DA:154,1
DA:160,1
DA:161,2
DA:162,1
DA:164,1
DA:165,2
DA:166,1
DA:168,2
DA:169,1
DA:174,2
DA:175,2
DA:176,1
DA:177,1
DA:181,1
DA:184,1
DA:187,3
LF:64
LH:64
end_of_record
TN:
SF:/home/mark/.local/state/balls/plugins/bl-delivery/home/mark/dev/lernie/bl-46b4/crates/lernie-ui-egui/src/fs_watcher/tests.rs
FN:8,wait_quiet
FN:13,settle_and_tick
FN:19,make_agent_worktree
FNF:3
FNDA:1,wait_quiet
FNDA:1,settle_and_tick
FNDA:1,make_agent_worktree
DA:8,1
DA:9,1
DA:10,1
DA:13,1
DA:14,1
DA:15,1
DA:19,1
DA:20,1
LF:8
LH:8
end_of_record
TN:
SF:/home/mark/.local/state/balls/plugins/bl-delivery/home/mark/dev/lernie/bl-46b4/crates/lernie-ui-egui/src/git_tree/cmd.rs
FN:25,git
FN:51,git_log_first_parent
FN:69,parse_log
FN:103,walk_branch_steps
FN:127,parse_step_commits
FN:153,for_each_ref_agents
FN:167,for_each_ref_under
FNF:7
FNDA:4,git
FNDA:2,git_log_first_parent
FNDA:2,parse_log
FNDA:2,walk_branch_steps
FNDA:5,parse_step_commits
FNDA:4,for_each_ref_agents
FNDA:3,for_each_ref_under
DA:25,4
DA:26,2
DA:27,6
DA:28,4
DA:30,4
DA:31,6
DA:32,1
DA:33,1
DA:34,1
DA:35,2
DA:38,4
DA:51,2
DA:66,6
DA:69,2
DA:70,4
DA:71,2
DA:72,10
DA:73,4
DA:75,7
DA:76,4
DA:77,4
DA:79,2
DA:81,6
DA:83,5
DA:84,6
DA:86,5
DA:89,4
DA:91,8
DA:93,2
DA:94,2
DA:97,4
DA:100,2
DA:103,2
DA:114,4
DA:124,10
DA:127,5
DA:128,5
DA:129,5
DA:130,15
DA:131,7
DA:133,8
DA:134,7
DA:136,8
DA:137,7
DA:139,8
DA:140,5
DA:141,5
DA:142,5
DA:143,5
DA:145,5
DA:148,5
DA:153,4
DA:167,3
DA:168,3
LF:54
LH:54
end_of_record
TN:
SF:/home/mark/.local/state/balls/plugins/bl-delivery/home/mark/dev/lernie/bl-46b4/crates/lernie-ui-egui/src/git_tree/descent.rs
FN:27,descent_order
FN:48,walk
FN:64,nearest_ancestor
FNF:3
FNDA:1,descent_order
FNDA:1,walk
FNDA:1,nearest_ancestor
DA:27,1
DA:29,1
DA:30,4
DA:32,1
DA:33,1
DA:34,2
DA:35,2
DA:36,2
DA:37,1
DA:41,1
DA:42,2
DA:43,2
DA:45,1
DA:48,1
DA:55,1
DA:56,1
DA:57,3
DA:58,2
DA:64,1
DA:65,1
DA:66,1
DA:67,2
DA:68,1
DA:71,1
DA:73,2
DA:74,1
DA:75,1
DA:76,3
DA:78,1
DA:81,1
LF:30
LH:30
end_of_record
TN:
SF:/home/mark/.local/state/balls/plugins/bl-delivery/home/mark/dev/lernie/bl-46b4/crates/lernie-ui-egui/src/git_tree/detect.rs
FN:11,extract_request_preview
FN:22,truncate_preview
FNF:2
FNDA:1,extract_request_preview
FNDA:1,truncate_preview
DA:11,1
DA:12,1
DA:13,6
DA:19,1
DA:22,1
DA:25,3
DA:27,2
DA:28,1
DA:29,1
DA:31,2
DA:32,2
LF:11
LH:11
end_of_record
TN:
SF:/home/mark/.local/state/balls/plugins/bl-delivery/home/mark/dev/lernie/bl-46b4/crates/lernie-ui-egui/src/git_tree/enumerate.rs
FN:22,build_node
FN:38,enumerate_agents
FN:94,preview_from_disk
FN:109,pending_from_disk
FNF:4
FNDA:4,build_node
FNDA:4,enumerate_agents
FNDA:5,preview_from_disk
FNDA:4,pending_from_disk
DA:22,4
DA:24,2
DA:25,4
DA:27,2
DA:29,6
DA:38,4
DA:44,2
DA:45,6
DA:46,5
DA:47,4
DA:48,11
DA:49,6
DA:52,2
DA:53,4
DA:55,3
DA:57,4
DA:59,2
DA:61,4
DA:63,2
DA:64,4
DA:66,2
DA:69,2
DA:71,4
DA:73,6
DA:74,6
DA:75,5
DA:76,10
DA:77,10
DA:78,10
DA:79,10
DA:80,4
DA:81,5
DA:82,5
DA:83,5
DA:84,5
DA:85,5
DA:86,5
DA:88,5
DA:91,4
DA:94,5
DA:95,15
DA:96,5
DA:97,5
DA:100,5
DA:101,2
DA:109,4
DA:110,5
DA:111,6
DA:112,5
DA:114,2
DA:116,5
LF:51
LH:51
end_of_record
TN:
SF:/home/mark/.local/state/balls/plugins/bl-delivery/home/mark/dev/lernie/bl-46b4/crates/lernie-ui-egui/src/git_tree/fd_probe.rs
FN:34,<impl Default for ProcFsProbe>::default
FN:43,ProcFsProbe::with_root
FN:47,ProcFsProbe::scan
FN:76,<impl WriterProbe for ProcFsProbe>::writer_open
FN:84,pid_holds_writable
FN:111,fdinfo_is_writable
FNF:6
FNDA:4,<impl Default for ProcFsProbe>::default
FNDA:1,ProcFsProbe::with_root
FNDA:1,ProcFsProbe::scan
FNDA:1,<impl WriterProbe for ProcFsProbe>::writer_open
FNDA:1,pid_holds_writable
FNDA:1,fdinfo_is_writable
DA:34,4
DA:36,2
DA:43,1
DA:47,1
DA:51,2
DA:52,1
DA:54,3
DA:55,1
DA:57,3
DA:59,3
DA:62,3
DA:67,1
DA:68,1
DA:71,1
DA:76,1
DA:77,1
DA:84,1
DA:85,2
DA:86,1
DA:88,3
DA:89,3
DA:92,2
DA:95,2
DA:98,3
DA:102,1
DA:103,1
DA:106,1
DA:111,1
DA:112,3
DA:113,1
DA:115,1
DA:116,2
DA:117,3
DA:120,1
LF:34
LH:34
end_of_record
TN:
SF:/home/mark/.local/state/balls/plugins/bl-delivery/home/mark/dev/lernie/bl-46b4/crates/lernie-ui-egui/src/git_tree/lock_probe.rs
FN:38,<impl Default for ProcFsLockProbe>::default
FN:47,ProcFsLockProbe::with_root
FN:51,ProcFsLockProbe::scan
FN:80,<impl LockProbe for ProcFsLockProbe>::lock_held
FN:89,pid_holds
FNF:5
FNDA:2,<impl Default for ProcFsLockProbe>::default
FNDA:1,ProcFsLockProbe::with_root
FNDA:5,ProcFsLockProbe::scan
FNDA:5,<impl LockProbe for ProcFsLockProbe>::lock_held
FNDA:1,pid_holds
DA:38,2
DA:40,4
DA:47,1
DA:51,5
DA:55,6
DA:56,5
DA:58,3
DA:59,1
DA:61,3
DA:63,3
DA:66,3
DA:71,1
DA:72,1
DA:75,1
DA:80,5
DA:81,5
DA:89,1
DA:90,2
DA:91,1
DA:93,3
DA:94,2
DA:95,2
DA:99,1
LF:23
LH:23
end_of_record
TN:
SF:/home/mark/.local/state/balls/plugins/bl-delivery/home/mark/dev/lernie/bl-46b4/crates/lernie-ui-egui/src/git_tree/marks.rs
FN:33,Marks::from_repo
FN:40,Marks::declined_transfer
FN:44,Marks::budget_exhausted
FN:49,ids_under
FN:55,parse_ids
FNF:5
FNDA:3,Marks::from_repo
FNDA:5,Marks::declined_transfer
FNDA:5,Marks::budget_exhausted
FNDA:3,ids_under
FNDA:3,parse_ids
DA:33,3
DA:34,4
DA:35,3
DA:36,6
DA:40,5
DA:41,5
DA:44,5
DA:45,5
DA:49,3
DA:50,3
DA:51,4
DA:55,3
DA:56,2
DA:58,2
DA:59,5
DA:60,4
DA:61,2
LF:17
LH:17
end_of_record
TN:
SF:/home/mark/.local/state/balls/plugins/bl-delivery/home/mark/dev/lernie/bl-46b4/crates/lernie-ui-egui/src/git_tree/mod.rs
FN:183,GitTree::from_repo
FNF:1
FNDA:2,GitTree::from_repo
DA:183,2
DA:184,2
DA:185,7
DA:186,6
DA:191,4
DA:192,2
DA:193,6
DA:194,2
LF:8
LH:8
end_of_record
TN:
SF:/home/mark/.local/state/balls/plugins/bl-delivery/home/mark/dev/lernie/bl-46b4/crates/lernie-ui-egui/src/git_tree/render.rs
FN:15,render
FN:35,render_commit
FN:45,indent
FN:49,render_step
FN:58,render_agent
FN:96,marks
FN:119,state_badge
FN:132,render_tool_call
FNF:8
FNDA:1,render
FNDA:1,render_commit
FNDA:1,indent
FNDA:1,render_step
FNDA:1,render_agent
FNDA:1,marks
FNDA:1,state_badge
FNDA:1,render_tool_call
DA:15,1
DA:16,2
DA:17,1
DA:20,2
DA:21,1
DA:23,1
DA:24,1
DA:25,1
DA:26,3
DA:27,1
DA:28,1
DA:29,1
DA:35,1
DA:36,2
DA:37,1
DA:38,1
DA:39,1
DA:45,1
DA:46,1
DA:49,1
DA:50,2
DA:51,1
DA:52,1
DA:53,1
DA:54,1
DA:58,1
DA:59,2
DA:60,1
DA:61,2
DA:62,2
DA:64,2
DA:65,1
DA:66,2
DA:67,2
DA:69,1
DA:70,1
DA:72,2
DA:73,1
DA:74,1
DA:75,1
DA:76,2
DA:79,1
DA:80,2
DA:81,1
DA:84,2
DA:85,1
DA:96,1
DA:97,1
DA:98,1
DA:99,2
DA:101,1
DA:102,1
DA:104,1
DA:119,1
DA:120,1
DA:122,1
DA:124,1
DA:126,1
DA:128,1
DA:132,1
DA:133,2
DA:134,1
DA:135,1
DA:137,3
DA:138,1
DA:139,1
DA:140,1
DA:141,1
DA:142,1
DA:145,1
LF:70
LH:70
end_of_record
TN:
SF:/home/mark/.local/state/balls/plugins/bl-delivery/home/mark/dev/lernie/bl-46b4/crates/lernie-ui-egui/src/git_tree/state.rs
FN:57,classify
FN:77,live_substate
FN:84,latest_response_path
FN:91,latest_response_complete
FNF:4
FNDA:5,classify
FNDA:1,live_substate
FNDA:5,latest_response_path
FNDA:5,latest_response_complete
DA:57,5
DA:63,5
DA:64,5
DA:65,2
DA:68,13
DA:69,1
DA:71,4
DA:77,1
DA:78,1
DA:79,2
DA:80,1
DA:84,5
DA:85,5
DA:86,4
DA:91,5
DA:92,5
DA:93,4
DA:95,2
DA:96,1
DA:97,1
LF:20
LH:20
end_of_record
TN:
SF:/home/mark/.local/state/balls/plugins/bl-delivery/home/mark/dev/lernie/bl-46b4/crates/lernie-ui-egui/src/git_tree/streaming.rs
FN:43,streaming_text_from_disk
FN:54,latest_step_dir
FN:84,accumulate_text_deltas
FN:104,text_fragment
FNF:4
FNDA:5,streaming_text_from_disk
FNDA:5,latest_step_dir
FNDA:1,accumulate_text_deltas
FNDA:1,text_fragment
DA:43,5
DA:44,5
DA:45,10
DA:46,2
DA:47,2
DA:54,5
DA:55,6
DA:56,1
DA:57,3
DA:58,1
DA:59,2
DA:62,2
DA:65,1
DA:68,1
DA:69,2
DA:72,5
DA:73,1
DA:76,3
DA:84,1
DA:85,1
DA:86,4
DA:87,2
DA:90,2
DA:93,2
DA:94,2
DA:97,1
DA:104,1
DA:105,3
DA:106,1
DA:108,3
DA:109,3
DA:110,1
LF:32
LH:32
end_of_record
TN:
SF:/home/mark/.local/state/balls/plugins/bl-delivery/home/mark/dev/lernie/bl-46b4/crates/lernie-ui-egui/src/git_tree/terminal.rs
FN:20,last_segment_complete
FN:52,event_type
FNF:2
FNDA:1,last_segment_complete
FNDA:1,event_type
DA:20,1
DA:22,3
DA:23,1
DA:24,1
DA:27,3
DA:28,3
DA:30,2
DA:31,1
DA:33,2
DA:34,1
DA:38,1
DA:39,2
DA:40,2
DA:41,1
DA:42,2
DA:43,2
DA:47,1
DA:52,1
DA:53,1
DA:54,2
DA:55,2
DA:56,3
DA:57,3
DA:58,1
LF:24
LH:24
end_of_record
TN:
SF:/home/mark/.local/state/balls/plugins/bl-delivery/home/mark/dev/lernie/bl-46b4/crates/lernie-ui-egui/src/git_tree/tests/fixture.rs
FN:43,Fixture::new
FN:84,Fixture::commit_other
FN:108,Fixture::build_agent
FN:180,Fixture::write_step_record
FN:199,Fixture::write_tool_call
FN:220,Fixture::deposit_message
FN:230,Fixture::mark_ref
FN:237,Fixture::build_child
FN:270,Fixture::write_response_events
FN:285,run_git
FNF:10
FNDA:1,Fixture::new
FNDA:1,Fixture::commit_other
FNDA:1,Fixture::build_agent
FNDA:1,Fixture::write_step_record
FNDA:1,Fixture::write_tool_call
FNDA:1,Fixture::deposit_message
FNDA:1,Fixture::mark_ref
FNDA:1,Fixture::build_child
FNDA:1,Fixture::write_response_events
FNDA:1,run_git
DA:43,1
DA:44,1
DA:45,2
DA:46,2
DA:47,2
DA:48,1
DA:49,1
DA:50,1
DA:51,1
DA:58,2
DA:59,2
DA:61,1
DA:62,1
DA:69,1
DA:72,1
DA:73,1
DA:75,1
DA:78,1
DA:79,1
DA:84,1
DA:85,1
DA:86,2
DA:88,1
DA:89,1
DA:93,1
DA:97,1
DA:98,1
DA:99,1
DA:100,1
DA:108,1
DA:109,1
DA:110,1
DA:111,1
DA:113,1
DA:114,1
DA:119,1
DA:120,1
DA:126,1
DA:127,1
DA:128,1
DA:129,1
DA:131,1
DA:132,2
DA:137,1
DA:138,2
DA:139,2
DA:140,1
DA:142,1
DA:143,1
DA:148,1
DA:149,1
DA:150,1
DA:153,1
DA:155,1
DA:156,2
DA:159,1
DA:161,1
DA:162,1
DA:166,1
DA:169,1
DA:170,1
DA:171,1
DA:173,1
DA:180,1
DA:181,1
DA:182,1
DA:183,1
DA:188,2
DA:189,2
DA:199,1
DA:206,1
DA:208,1
DA:209,2
DA:210,1
DA:211,1
DA:212,2
DA:220,1
DA:221,1
DA:222,1
DA:223,1
DA:230,1
DA:231,1
DA:237,1
DA:238,1
DA:239,1
DA:240,1
DA:242,1
DA:243,1
DA:248,1
DA:249,1
DA:250,1
DA:253,1
DA:254,1
DA:256,1
DA:257,2
DA:259,1
DA:270,1
DA:271,3
DA:274,1
DA:275,1
DA:276,1
DA:277,1
DA:278,2
DA:279,2
DA:281,2
DA:285,1
DA:286,1
DA:287,2
DA:288,2
DA:290,2
DA:292,1
DA:293,1
LF:112
LH:112
end_of_record
TN:
SF:/home/mark/.local/state/balls/plugins/bl-delivery/home/mark/dev/lernie/bl-46b4/crates/lernie-ui-egui/src/git_tree/tests/render.rs
FN:14,rendered_text
FN:26,collect_text
FN:42,agent
FNF:3
FNDA:1,rendered_text
FNDA:1,collect_text
FNDA:1,agent
DA:14,1
DA:15,1
DA:16,3
DA:17,3
DA:19,1
DA:20,3
DA:21,1
DA:23,1
DA:26,1
DA:27,1
DA:28,1
DA:29,1
DA:30,1
DA:32,1
DA:33,2
DA:34,1
DA:42,1
DA:44,1
DA:45,1
DA:46,1
DA:47,1
DA:49,1
DA:52,1
DA:192,1
DA:193,1
DA:194,2
DA:195,3
DA:196,3
DA:199,2
DA:200,3
DA:202,2
DA:204,1
DA:205,1
DA:209,1
DA:210,1
DA:211,2
DA:212,3
DA:213,1
DA:216,1
LF:39
LH:39
end_of_record
TN:
SF:/home/mark/.local/state/balls/plugins/bl-delivery/home/mark/dev/lernie/bl-46b4/crates/lernie-ui-egui/src/git_tree/tests/state_render.rs
FN:11,agent_in_state
FN:29,tree_with
FNF:2
FNDA:1,agent_in_state
FNDA:1,tree_with
DA:11,1
DA:13,1
DA:14,1
DA:15,1
DA:16,1
DA:18,1
DA:21,1
DA:29,1
DA:31,1
DA:32,2
LF:10
LH:10
end_of_record
TN:
SF:/home/mark/.local/state/balls/plugins/bl-delivery/home/mark/dev/lernie/bl-46b4/crates/lernie-ui-egui/src/git_tree/tools.rs
FN:28,tool_calls_from_disk
FNF:1
FNDA:5,tool_calls_from_disk
DA:28,5
DA:29,5
DA:30,5
DA:31,10
DA:33,2
DA:34,3
DA:35,1
DA:37,1
DA:39,2
DA:40,1
DA:41,2
DA:42,1
DA:44,2
DA:45,1
DA:46,1
DA:48,2
DA:49,1
DA:51,1
DA:53,1
DA:56,4
DA:57,1
LF:21
LH:21
end_of_record
TN:
SF:/home/mark/.local/state/balls/plugins/bl-delivery/home/mark/dev/lernie/bl-46b4/crates/lernie-ui-egui/src/lib.rs
FN:56,AppState::from_args
FN:63,render_placeholder
FN:71,render_app
FNF:3
FNDA:1,AppState::from_args
FNDA:1,render_placeholder
FNDA:1,render_app
DA:56,1
DA:58,1
DA:63,1
DA:64,2
DA:65,1
DA:66,1
DA:67,1
DA:71,1
DA:72,1
DA:73,1
DA:74,1
LF:11
LH:11
end_of_record
TN:
SF:/home/mark/.local/state/balls/plugins/bl-delivery/home/mark/dev/lernie/bl-46b4/crates/lernie-ui-egui/tests/pluggability.rs
FNF:0
DA:1,2
DA:35,1
DA:36,1
DA:37,2
DA:38,2
DA:40,1
DA:41,1
DA:42,1
DA:47,1
DA:48,1
DA:49,2
DA:50,2
DA:51,1
DA:52,1
DA:53,1
DA:54,1
DA:55,1
DA:56,2
DA:57,1
DA:58,1
DA:59,1
DA:66,1
DA:69,1
DA:70,1
DA:71,1
DA:72,1
DA:73,2
DA:74,2
DA:75,1
DA:76,1
DA:77,1
DA:78,1
DA:79,1
DA:84,1
DA:85,1
DA:89,1
DA:90,1
DA:91,1
DA:92,2
DA:93,1
DA:94,1
DA:102,3
DA:103,1
DA:104,2
DA:106,2
DA:108,2
DA:109,1
DA:110,2
DA:111,2
DA:112,2
DA:113,4
DA:114,3
DA:115,1
DA:116,1
DA:117,3
DA:118,2
DA:119,1
DA:120,2
DA:125,2
LF:59
LH:59
end_of_record
TN:
SF:/home/mark/.local/state/balls/plugins/bl-delivery/home/mark/dev/lernie/bl-46b4/src/config/error.rs
FN:58,Warning::new
FNF:1
FNDA:0,Warning::new
DA:58,0
DA:59,0
DA:60,0
LF:3
LH:0
end_of_record
TN:
SF:/home/mark/.local/state/balls/plugins/bl-delivery/home/mark/dev/lernie/bl-46b4/src/config/schemas.rs
FNF:0
DA:42,0
DA:47,0
DA:48,0
LF:3
LH:0
end_of_record
TN:
SF:/home/mark/.local/state/balls/plugins/bl-delivery/home/mark/dev/lernie/bl-46b4/src/prompt/compactor/tests.rs
FNF:0
DA:88,0
LF:1
LH:0
end_of_record
TN:
SF:/home/mark/.local/state/balls/plugins/bl-delivery/home/mark/dev/lernie/bl-46b4/src/prompt/stop/mod.rs
FNF:0
DA:189,0
DA:190,0
DA:191,0
DA:192,0
LF:4
LH:0
end_of_record
TN:
SF:/home/mark/.local/state/balls/plugins/bl-delivery/home/mark/dev/lernie/bl-46b4/src/prompt/subagent/tests.rs
FNF:0
DA:54,0
LF:1
LH:0
end_of_record
TN:
SF:/home/mark/.local/state/balls/plugins/bl-delivery/home/mark/dev/lernie/bl-46b4/src/prompt/tests/fixtures.rs
FNF:0
DA:137,0
DA:138,0
LF:2
LH:0
end_of_record
TN:
SF:/home/mark/.local/state/balls/plugins/bl-delivery/home/mark/dev/lernie/bl-46b4/src/prompt/tests/stubs.rs
FNF:0
DA:49,0
DA:50,0
LF:2
LH:0
end_of_record
TN:
SF:/home/mark/.local/state/balls/plugins/bl-delivery/home/mark/dev/lernie/bl-46b4/src/prompt/tool/builtin/bash/mod.rs
FN:83,run
FN:99,run_with
FNF:2
FNDA:0,run
FNDA:0,run_with
DA:83,0
DA:84,0
DA:99,0
DA:100,0
DA:101,0
DA:103,0
DA:104,0
DA:105,0
DA:106,0
DA:107,0
DA:108,0
DA:116,0
DA:118,0
DA:122,0
DA:124,0
DA:125,0
DA:126,0
DA:127,0
DA:128,0
DA:129,0
DA:130,0
DA:132,0
DA:133,0
DA:134,0
DA:135,0
DA:138,0
DA:139,0
DA:140,0
DA:142,0
DA:143,0
DA:148,0
DA:150,0
DA:152,0
LF:33
LH:0
end_of_record
TN:
SF:/home/mark/.local/state/balls/plugins/bl-delivery/home/mark/dev/lernie/bl-46b4/src/prompt/tool/builtin/bash/tests.rs
FNF:0
DA:25,0
DA:26,0
DA:27,0
DA:28,0
DA:29,0
LF:5
LH:0
end_of_record
TN:
SF:/home/mark/.local/state/balls/plugins/bl-delivery/home/mark/dev/lernie/bl-46b4/src/prompt/tool/builtin/dispatch/mod.rs
FNF:0
DA:231,0
DA:232,0
DA:233,0
DA:235,0
DA:236,0
DA:237,0
DA:238,0
DA:240,0
DA:242,0
DA:244,0
DA:245,0
DA:246,0
DA:247,0
DA:248,0
DA:250,0
DA:251,0
DA:252,0
DA:253,0
DA:254,0
DA:257,0
DA:258,0
DA:259,0
DA:266,0
DA:267,0
LF:24
LH:0
end_of_record
TN:
SF:/home/mark/.local/state/balls/plugins/bl-delivery/home/mark/dev/lernie/bl-46b4/src/prompt/tool/builtin/message/mod.rs
FNF:0
DA:143,0
DA:144,0
DA:145,0
DA:147,0
DA:148,0
DA:149,0
DA:150,0
DA:152,0
DA:154,0
DA:155,0
DA:156,0
DA:157,0
DA:158,0
DA:159,0
DA:160,0
DA:167,0
DA:168,0
LF:17
LH:0
end_of_record
TN:
SF:/home/mark/.local/state/balls/plugins/bl-delivery/home/mark/dev/lernie/bl-46b4/src/prompt/tool/builtin/mod.rs
FN:87,run
FN:106,run_with
FNF:2
FNDA:0,run
FNDA:0,run_with
DA:87,0
DA:88,0
DA:89,0
DA:106,0
DA:107,0
DA:108,0
DA:109,0
DA:111,0
DA:112,0
DA:114,0
DA:115,0
DA:116,0
DA:117,0
DA:119,0
DA:120,0
DA:121,0
DA:122,0
DA:124,0
LF:18
LH:0
end_of_record
TN:
SF:/home/mark/.local/state/balls/plugins/bl-delivery/home/mark/dev/lernie/bl-46b4/src/prompt/tool/builtin/read_file/mod.rs
FN:87,run
FNF:1
FNDA:0,run
DA:87,0
DA:88,0
DA:89,0
DA:90,0
DA:91,0
DA:93,0
DA:94,0
DA:95,0
DA:101,0
DA:102,0
DA:103,0
DA:104,0
DA:105,0
DA:106,0
DA:108,0
DA:109,0
DA:110,0
DA:111,0
DA:113,0
LF:19
LH:0
end_of_record
TN:
SF:/home/mark/.local/state/balls/plugins/bl-delivery/home/mark/dev/lernie/bl-46b4/src/prompt/tool/mod.rs
FNF:0
DA:216,0
DA:217,0
DA:218,0
DA:219,0
DA:220,0
DA:221,0
DA:223,0
DA:224,0
DA:225,0
DA:227,0
LF:10
LH:0
end_of_record
TN:
SF:/home/mark/.local/state/balls/plugins/bl-delivery/home/mark/dev/lernie/bl-46b4/src/prompt/tool/spawn.rs
FN:50,BinaryResolver::which_on_path
FNF:1
FNDA:0,BinaryResolver::which_on_path
DA:50,0
DA:51,0
DA:69,0
DA:74,0
DA:80,0
DA:81,0
DA:82,0
DA:88,0
DA:89,0
DA:90,0
DA:96,0
DA:97,0
DA:98,0
DA:99,0
DA:100,0
DA:101,0
DA:103,0
DA:104,0
DA:106,0
DA:107,0
DA:109,0
DA:110,0
DA:111,0
DA:113,0
DA:114,0
DA:125,0
DA:126,0
DA:127,0
DA:128,0
DA:132,0
DA:133,0
DA:134,0
DA:136,0
DA:138,0
DA:139,0
DA:140,0
DA:142,0
DA:145,0
DA:146,0
DA:147,0
DA:149,0
DA:150,0
DA:152,0
DA:153,0
DA:154,0
DA:156,0
DA:157,0
DA:158,0
DA:161,0
DA:162,0
DA:163,0
DA:164,0
DA:168,0
DA:169,0
DA:174,0
DA:176,0
LF:56
LH:0
end_of_record
TN:
SF:/home/mark/.local/state/balls/plugins/bl-delivery/home/mark/dev/lernie/bl-46b4/src/template/mod.rs
FNF:0
DA:133,0
DA:134,0
DA:135,0
DA:136,0
DA:137,0
DA:138,0
DA:139,0
DA:141,0
DA:142,0
DA:143,0
DA:144,0
DA:145,0
DA:150,0
DA:151,0
DA:152,0
DA:153,0
DA:154,0
DA:155,0
DA:156,0
DA:157,0
DA:158,0
DA:159,0
DA:160,0
LF:23
LH:0
end_of_record
